2015-10-21 23:15:07,306 root:INFO:forestry.py function:start_logging line:17 Starting up the forestry program
2015-10-21 23:15:07,306 root:INFO:forestry.py function:__init__ line:30 Instantiated a tree
2015-10-21 23:15:07,306 root:INFO:forestry.py function:get_boards line:34 tree.get_boards method called
2015-10-21 23:15:07,306 root:INFO:forestry.py function:cut_down_tree line:55 Lumberjack.tree cut down
2015-10-21 23:15:07,306 root:INFO:forestry.py function:__init__ line:30 Instantiated a tree
2015-10-21 23:15:07,306 root:INFO:forestry.py function:get_boards line:34 tree.get_boards method called
2015-10-21 23:15:07,321 root:INFO:forestry.py function:cut_down_tree line:55 Lumberjack.tree cut down
2015-10-21 23:15:07,321 root:INFO:forestry.py function:__init__ line:30 Instantiated a tree
2015-10-21 23:15:07,321 root:INFO:forestry.py function:get_boards line:34 tree.get_boards method called
2015-10-21 23:15:07,321 root:INFO:forestry.py function:cut_down_tree line:55 Lumberjack.tree cut down
2015-10-21 23:15:07,321 root:INFO:forestry.py function:__init__ line:30 Instantiated a tree
2015-10-21 23:15:07,321 root:INFO:forestry.py function:get_boards line:34 tree.get_boards method called
2015-10-21 23:15:07,321 root:INFO:forestry.py function:cut_down_tree line:55 Lumberjack.tree cut down
2015-10-21 23:15:07,321 root:INFO:forestry.py function:__init__ line:30 Instantiated a tree
2015-10-21 23:15:07,321 root:INFO:forestry.py function:get_boards line:34 tree.get_boards method called
2015-10-21 23:15:07,321 root:INFO:forestry.py function:cut_down_tree line:55 Lumberjack.tree cut down
2015-10-21 23:15:07,321 root:ERROR:forestry.py function:__init__ line:27 Tree size must be one of: L,XXL,XL,S,M
2015-10-21 23:15:07,321 root:ERROR:forestry.py function:cut_down_tree line:51 Cannot cut_down_tree(): Lumberjack has not tree!
2015-10-21 23:15:07,321 root:INFO:forestry.py function:__init__ line:30 Instantiated a tree
2015-10-21 23:15:07,321 root:INFO:forestry.py function:get_boards line:34 tree.get_boards method called
2015-10-21 23:15:07,321 root:INFO:forestry.py function:__init__ line:30 Instantiated a tree
2015-10-21 23:15:07,321 root:INFO:forestry.py function:get_boards line:34 tree.get_boards method called
2015-10-21 23:15:07,321 root:INFO:forestry.py function:__init__ line:30 Instantiated a tree
2015-10-21 23:15:07,321 root:INFO:forestry.py function:get_boards line:34 tree.get_boards method called
2015-10-21 23:15:07,321 root:INFO:forestry.py function:__init__ line:30 Instantiated a tree
2015-10-21 23:15:07,321 root:INFO:forestry.py function:get_boards line:34 tree.get_boards method called
2015-10-21 23:15:07,321 root:INFO:forestry.py function:__init__ line:30 Instantiated a tree
2015-10-21 23:15:07,321 root:INFO:forestry.py function:get_boards line:34 tree.get_boards method called
2015-10-21 23:15:07,321 root:INFO:forestry.py function:__init__ line:30 Instantiated a tree
